This is pdfTeX, Version 3.1415926-2.5-1.40.14 (TeX Live 2013/Debian) (format=pdflatex 2014.10.4)  21 MAY 2015 20:48
entering extended mode
 restricted \write18 enabled.
 %&-line parsing enabled.
**report.tex
(./report.tex
LaTeX2e <2011/06/27>
Babel <3.9h> and hyphenation patterns for 4 languages loaded.
(/usr/share/texlive/texmf-dist/tex/latex/base/article.cls
Document Class: article 2007/10/19 v1.4h Standard LaTeX document class
(/usr/share/texlive/texmf-dist/tex/latex/base/size10.clo
File: size10.clo 2007/10/19 v1.4h Standard LaTeX file (size option)
)
\c@part=\count79
\c@section=\count80
\c@subsection=\count81
\c@subsubsection=\count82
\c@paragraph=\count83
\c@subparagraph=\count84
\c@figure=\count85
\c@table=\count86
\abovecaptionskip=\skip41
\belowcaptionskip=\skip42
\bibindent=\dimen102
)
(/usr/share/texlive/texmf-dist/tex/latex/hyperref/hyperref.sty
Package: hyperref 2012/11/06 v6.83m Hypertext links for LaTeX

(/usr/share/texlive/texmf-dist/tex/generic/oberdiek/hobsub-hyperref.sty
Package: hobsub-hyperref 2012/05/28 v1.13 Bundle oberdiek, subset hyperref (HO)


(/usr/share/texlive/texmf-dist/tex/generic/oberdiek/hobsub-generic.sty
Package: hobsub-generic 2012/05/28 v1.13 Bundle oberdiek, subset generic (HO)
Package: hobsub 2012/05/28 v1.13 Construct package bundles (HO)
Package: infwarerr 2010/04/08 v1.3 Providing info/warning/error messages (HO)
Package: ltxcmds 2011/11/09 v1.22 LaTeX kernel commands for general use (HO)
Package: ifluatex 2010/03/01 v1.3 Provides the ifluatex switch (HO)
Package ifluatex Info: LuaTeX not detected.
Package: ifvtex 2010/03/01 v1.5 Detect VTeX and its facilities (HO)
Package ifvtex Info: VTeX not detected.
Package: intcalc 2007/09/27 v1.1 Expandable calculations with integers (HO)
Package: ifpdf 2011/01/30 v2.3 Provides the ifpdf switch (HO)
Package ifpdf Info: pdfTeX in PDF mode is detected.
Package: etexcmds 2011/02/16 v1.5 Avoid name clashes with e-TeX commands (HO)
Package etexcmds Info: Could not find \expanded.
(etexcmds)             That can mean that you are not using pdfTeX 1.50 or
(etexcmds)             that some package has redefined \expanded.
(etexcmds)             In the latter case, load this package earlier.
Package: kvsetkeys 2012/04/25 v1.16 Key value parser (HO)
Package: kvdefinekeys 2011/04/07 v1.3 Define keys (HO)
Package: pdftexcmds 2011/11/29 v0.20 Utility functions of pdfTeX for LuaTeX (HO
)
Package pdftexcmds Info: LuaTeX not detected.
Package pdftexcmds Info: \pdf@primitive is available.
Package pdftexcmds Info: \pdf@ifprimitive is available.
Package pdftexcmds Info: \pdfdraftmode found.
Package: pdfescape 2011/11/25 v1.13 Implements pdfTeX's escape features (HO)
Package: bigintcalc 2012/04/08 v1.3 Expandable calculations on big integers (HO
)
Package: bitset 2011/01/30 v1.1 Handle bit-vector datatype (HO)
Package: uniquecounter 2011/01/30 v1.2 Provide unlimited unique counter (HO)
)
Package hobsub Info: Skipping package `hobsub' (already loaded).
Package: letltxmacro 2010/09/02 v1.4 Let assignment for LaTeX macros (HO)
Package: hopatch 2012/05/28 v1.2 Wrapper for package hooks (HO)
Package: xcolor-patch 2011/01/30 xcolor patch
Package: atveryend 2011/06/30 v1.8 Hooks at the very end of document (HO)
Package atveryend Info: \enddocument detected (standard20110627).
Package: atbegshi 2011/10/05 v1.16 At begin shipout hook (HO)
Package: refcount 2011/10/16 v3.4 Data extraction from label references (HO)
Package: hycolor 2011/01/30 v1.7 Color options for hyperref/bookmark (HO)
)
(/usr/share/texlive/texmf-dist/tex/latex/graphics/keyval.sty
Package: keyval 1999/03/16 v1.13 key=value parser (DPC)
\KV@toks@=\toks14
)
(/usr/share/texlive/texmf-dist/tex/generic/ifxetex/ifxetex.sty
Package: ifxetex 2010/09/12 v0.6 Provides ifxetex conditional
)
(/usr/share/texlive/texmf-dist/tex/latex/oberdiek/auxhook.sty
Package: auxhook 2011/03/04 v1.3 Hooks for auxiliary files (HO)
)
(/usr/share/texlive/texmf-dist/tex/latex/oberdiek/kvoptions.sty
Package: kvoptions 2011/06/30 v3.11 Key value format for package options (HO)
)
\@linkdim=\dimen103
\Hy@linkcounter=\count87
\Hy@pagecounter=\count88

(/usr/share/texlive/texmf-dist/tex/latex/hyperref/pd1enc.def
File: pd1enc.def 2012/11/06 v6.83m Hyperref: PDFDocEncoding definition (HO)
)
\Hy@SavedSpaceFactor=\count89

(/usr/share/texlive/texmf-dist/tex/latex/latexconfig/hyperref.cfg
File: hyperref.cfg 2002/06/06 v1.2 hyperref configuration of TeXLive
)
Package hyperref Info: Hyper figures OFF on input line 4443.
Package hyperref Info: Link nesting OFF on input line 4448.
Package hyperref Info: Hyper index ON on input line 4451.
Package hyperref Info: Plain pages OFF on input line 4458.
Package hyperref Info: Backreferencing OFF on input line 4463.
Package hyperref Info: Implicit mode ON; LaTeX internals redefined.
Package hyperref Info: Bookmarks ON on input line 4688.
\c@Hy@tempcnt=\count90

(/usr/share/texlive/texmf-dist/tex/latex/url/url.sty
\Urlmuskip=\muskip10
Package: url 2013/09/16  ver 3.4  Verb mode for urls, etc.
)
LaTeX Info: Redefining \url on input line 5041.
\XeTeXLinkMargin=\dimen104
\Fld@menulength=\count91
\Field@Width=\dimen105
\Fld@charsize=\dimen106
Package hyperref Info: Hyper figures OFF on input line 6295.
Package hyperref Info: Link nesting OFF on input line 6300.
Package hyperref Info: Hyper index ON on input line 6303.
Package hyperref Info: backreferencing OFF on input line 6310.
Package hyperref Info: Link coloring OFF on input line 6315.
Package hyperref Info: Link coloring with OCG OFF on input line 6320.
Package hyperref Info: PDF/A mode OFF on input line 6325.
LaTeX Info: Redefining \ref on input line 6365.
LaTeX Info: Redefining \pageref on input line 6369.
\Hy@abspage=\count92
\c@Item=\count93
\c@Hfootnote=\count94
)

Package hyperref Message: Driver (autodetected): hpdftex.

(/usr/share/texlive/texmf-dist/tex/latex/hyperref/hpdftex.def
File: hpdftex.def 2012/11/06 v6.83m Hyperref driver for pdfTeX
\Fld@listcount=\count95
\c@bookmark@seq@number=\count96

(/usr/share/texlive/texmf-dist/tex/latex/oberdiek/rerunfilecheck.sty
Package: rerunfilecheck 2011/04/15 v1.7 Rerun checks for auxiliary files (HO)
Package uniquecounter Info: New unique counter `rerunfilecheck' on input line 2
82.
)
\Hy@SectionHShift=\skip43
)
(/usr/share/texlive/texmf-dist/tex/latex/graphics/graphicx.sty
Package: graphicx 1999/02/16 v1.0f Enhanced LaTeX Graphics (DPC,SPQR)

(/usr/share/texlive/texmf-dist/tex/latex/graphics/graphics.sty
Package: graphics 2009/02/05 v1.0o Standard LaTeX Graphics (DPC,SPQR)

(/usr/share/texlive/texmf-dist/tex/latex/graphics/trig.sty
Package: trig 1999/03/16 v1.09 sin cos tan (DPC)
)
(/usr/share/texlive/texmf-dist/tex/latex/latexconfig/graphics.cfg
File: graphics.cfg 2010/04/23 v1.9 graphics configuration of TeX Live
)
Package graphics Info: Driver file: pdftex.def on input line 91.

(/usr/share/texlive/texmf-dist/tex/latex/pdftex-def/pdftex.def
File: pdftex.def 2011/05/27 v0.06d Graphics/color for pdfTeX
\Gread@gobject=\count97
))
\Gin@req@height=\dimen107
\Gin@req@width=\dimen108
) (./report.aux)
\openout1 = `report.aux'.

LaTeX Font Info:    Checking defaults for OML/cmm/m/it on input line 13.
LaTeX Font Info:    ... okay on input line 13.
LaTeX Font Info:    Checking defaults for T1/cmr/m/n on input line 13.
LaTeX Font Info:    ... okay on input line 13.
LaTeX Font Info:    Checking defaults for OT1/cmr/m/n on input line 13.
LaTeX Font Info:    ... okay on input line 13.
LaTeX Font Info:    Checking defaults for OMS/cmsy/m/n on input line 13.
LaTeX Font Info:    ... okay on input line 13.
LaTeX Font Info:    Checking defaults for OMX/cmex/m/n on input line 13.
LaTeX Font Info:    ... okay on input line 13.
LaTeX Font Info:    Checking defaults for U/cmr/m/n on input line 13.
LaTeX Font Info:    ... okay on input line 13.
LaTeX Font Info:    Checking defaults for PD1/pdf/m/n on input line 13.
LaTeX Font Info:    ... okay on input line 13.
\AtBeginShipoutBox=\box26
Package hyperref Info: Link coloring OFF on input line 13.
 (/usr/share/texlive/texmf-dist/tex/latex/hyperref/nameref.sty
Package: nameref 2012/10/27 v2.43 Cross-referencing by name of section

(/usr/share/texlive/texmf-dist/tex/generic/oberdiek/gettitlestring.sty
Package: gettitlestring 2010/12/03 v1.4 Cleanup title references (HO)
)
\c@section@level=\count98
)
LaTeX Info: Redefining \ref on input line 13.
LaTeX Info: Redefining \pageref on input line 13.
LaTeX Info: Redefining \nameref on input line 13.

(./report.out) (./report.out)
\@outlinefile=\write3
\openout3 = `report.out'.


(/usr/share/texlive/texmf-dist/tex/context/base/supp-pdf.mkii
[Loading MPS to PDF converter (version 2006.09.02).]
\scratchcounter=\count99
\scratchdimen=\dimen109
\scratchbox=\box27
\nofMPsegments=\count100
\nofMParguments=\count101
\everyMPshowfont=\toks15
\MPscratchCnt=\count102
\MPscratchDim=\dimen110
\MPnumerator=\count103
\makeMPintoPDFobject=\count104
\everyMPtoPDFconversion=\toks16
) (/usr/share/texlive/texmf-dist/tex/latex/oberdiek/epstopdf-base.sty
Package: epstopdf-base 2010/02/09 v2.5 Base part for package epstopdf

(/usr/share/texlive/texmf-dist/tex/latex/oberdiek/grfext.sty
Package: grfext 2010/08/19 v1.1 Manage graphics extensions (HO)
)
Package grfext Info: Graphics extension search list:
(grfext)             [.png,.pdf,.jpg,.mps,.jpeg,.jbig2,.jb2,.PNG,.PDF,.JPG,.JPE
G,.JBIG2,.JB2,.eps]
(grfext)             \AppendGraphicsExtensions on input line 452.

(/usr/share/texlive/texmf-dist/tex/latex/latexconfig/epstopdf-sys.cfg
File: epstopdf-sys.cfg 2010/07/13 v1.3 Configuration of (r)epstopdf for TeX Liv
e
))
LaTeX Font Info:    External font `cmex10' loaded for size
(Font)              <12> on input line 15.
LaTeX Font Info:    External font `cmex10' loaded for size
(Font)              <8> on input line 15.
LaTeX Font Info:    External font `cmex10' loaded for size
(Font)              <6> on input line 15.
LaTeX Font Info:    External font `cmex10' loaded for size
(Font)              <7> on input line 17.
LaTeX Font Info:    External font `cmex10' loaded for size
(Font)              <5> on input line 17.

Overfull \hbox (4.2757pt too wide) in paragraph at lines 16--20
\OT1/cmr/m/n/10 net-works avail-able at []$\OT1/cmtt/m/n/10 https : / / www . d
ropbox . com / s / oybns7fvztfy76q / sorted _
 []

Missing character: There is no â in font cmr10!
Missing character: There is no € in font cmr10!
Missing character: There is no ™ in font cmr10!

Underfull \hbox (badness 10000) in paragraph at lines 21--29

 []

[1

{/var/lib/texmf/fonts/map/pdftex/updmap/pdftex.map}]
<plots/p1.jpeg, id=18, 525.965pt x 434.62375pt>
File: plots/p1.jpeg Graphic file (type jpg)
 <use plots/p1.jpeg>
Package pdftex.def Info: plots/p1.jpeg used on input line 40.
(pdftex.def)             Requested size: 210.38226pt x 173.8464pt.

<plots/p2.jpeg, id=19, 525.965pt x 434.62375pt>
File: plots/p2.jpeg Graphic file (type jpg)
 <use plots/p2.jpeg>
Package pdftex.def Info: plots/p2.jpeg used on input line 43.
(pdftex.def)             Requested size: 210.38226pt x 173.8464pt.

Underfull \hbox (badness 10000) in paragraph at lines 38--45

 []

[2 <./plots/p1.jpeg> <./plots/p2.jpeg>]
LaTeX Font Info:    Try loading font information for OMS+cmr on input line 57.

(/usr/share/texlive/texmf-dist/tex/latex/base/omscmr.fd
File: omscmr.fd 1999/05/25 v2.5h Standard LaTeX font definitions
)
LaTeX Font Info:    Font shape `OMS/cmr/m/n' in size <10> not available
(Font)              Font shape `OMS/cmsy/m/n' tried instead on input line 57.

<plots/p3.jpeg, id=26, 525.965pt x 434.62375pt>
File: plots/p3.jpeg Graphic file (type jpg)
 <use plots/p3.jpeg>
Package pdftex.def Info: plots/p3.jpeg used on input line 67.
(pdftex.def)             Requested size: 210.38226pt x 173.8464pt.

Underfull \hbox (badness 10000) in paragraph at lines 68--77

 []

<plots/p4.jpeg, id=27, 525.965pt x 434.62375pt>
File: plots/p4.jpeg Graphic file (type jpg)
 <use plots/p4.jpeg>
Package pdftex.def Info: plots/p4.jpeg used on input line 80.
(pdftex.def)             Requested size: 210.38226pt x 173.8464pt.

<plots/p5.jpeg, id=28, 525.965pt x 434.62375pt>
File: plots/p5.jpeg Graphic file (type jpg)
 <use plots/p5.jpeg>
Package pdftex.def Info: plots/p5.jpeg used on input line 83.
(pdftex.def)             Requested size: 210.38226pt x 173.8464pt.

Overfull \hbox (16.4451pt too wide) in paragraph at lines 78--84
\OT1/cmr/m/n/10 The next fig-ure con-tains the com-mu-nity struc-ture us-ing fa
st-greedy.community.
 []

[3 <./plots/p3.jpeg>]
Underfull \hbox (badness 10000) in paragraph at lines 85--93

 []

<plots/p6.jpeg, id=36, 525.965pt x 434.62375pt>
File: plots/p6.jpeg Graphic file (type jpg)
 <use plots/p6.jpeg>
Package pdftex.def Info: plots/p6.jpeg used on input line 102.
(pdftex.def)             Requested size: 210.38226pt x 173.8464pt.

<plots/p7.jpeg, id=37, 525.965pt x 434.62375pt>
File: plots/p7.jpeg Graphic file (type jpg)
 <use plots/p7.jpeg>
Package pdftex.def Info: plots/p7.jpeg used on input line 108.
(pdftex.def)             Requested size: 210.38226pt x 173.8464pt.

Underfull \hbox (badness 10000) in paragraph at lines 96--109

 []

[4 <./plots/p4.jpeg> <./plots/p5.jpeg>]
Underfull \hbox (badness 10000) in paragraph at lines 112--118

 []

[5 <./plots/p6.jpeg> <./plots/p7.jpeg>]
<plots/p8.jpeg, id=47, 525.965pt x 434.62375pt>
File: plots/p8.jpeg Graphic file (type jpg)
 <use plots/p8.jpeg>
Package pdftex.def Info: plots/p8.jpeg used on input line 123.
(pdftex.def)             Requested size: 210.38226pt x 173.8464pt.

<plots/p9.jpeg, id=48, 525.965pt x 434.62375pt>
File: plots/p9.jpeg Graphic file (type jpg)
 <use plots/p9.jpeg>
Package pdftex.def Info: plots/p9.jpeg used on input line 129.
(pdftex.def)             Requested size: 210.38226pt x 173.8464pt.
 [6 <./plots/p8.jpeg>] <plots/p10.jpeg, id=56, 525.965pt x 434.62375pt>
File: plots/p10.jpeg Graphic file (type jpg)

<use plots/p10.jpeg>
Package pdftex.def Info: plots/p10.jpeg used on input line 135.
(pdftex.def)             Requested size: 210.38226pt x 173.8464pt.
 <plots/p11.jpeg, id=57, 525.965pt x 434.62375pt>
File: plots/p11.jpeg Graphic file (type jpg)

<use plots/p11.jpeg>
Package pdftex.def Info: plots/p11.jpeg used on input line 141.
(pdftex.def)             Requested size: 210.38226pt x 173.8464pt.
 [7 <./plots/p9.jpeg> <./plots/p10.jpeg>]
<plots/p12.jpeg, id=65, 525.965pt x 434.62375pt>
File: plots/p12.jpeg Graphic file (type jpg)
 <use plots/p12.jpeg>
Package pdftex.def Info: plots/p12.jpeg used on input line 147.
(pdftex.def)             Requested size: 210.38226pt x 173.8464pt.

<plots/p13.jpeg, id=66, 525.965pt x 434.62375pt>
File: plots/p13.jpeg Graphic file (type jpg)
 <use plots/p13.jpeg>
Package pdftex.def Info: plots/p13.jpeg used on input line 153.
(pdftex.def)             Requested size: 210.38226pt x 173.8464pt.
 [8 <./plots/p11.jpeg> <./plots/p12.jpeg>]
<plots/p14.jpeg, id=73, 525.965pt x 434.62375pt>
File: plots/p14.jpeg Graphic file (type jpg)
 <use plots/p14.jpeg>
Package pdftex.def Info: plots/p14.jpeg used on input line 159.
(pdftex.def)             Requested size: 210.38226pt x 173.8464pt.

<plots/p15.jpeg, id=74, 525.965pt x 434.62375pt>
File: plots/p15.jpeg Graphic file (type jpg)
 <use plots/p15.jpeg>
Package pdftex.def Info: plots/p15.jpeg used on input line 165.
(pdftex.def)             Requested size: 210.38226pt x 173.8464pt.
 [9 <./plots/p13.jpeg> <./plots/p14.jpeg>]
Underfull \hbox (badness 10000) in paragraph at lines 173--179

 []


Underfull \hbox (badness 10000) in paragraph at lines 180--187

 []


Underfull \hbox (badness 10000) in paragraph at lines 187--193

 []


Underfull \hbox (badness 10000) in paragraph at lines 194--199

 []

[10 <./plots/p15.jpeg>]
Underfull \hbox (badness 10000) in paragraph at lines 200--205

 []


Underfull \hbox (badness 10000) in paragraph at lines 206--213

 []

[11]
Underfull \hbox (badness 10000) in paragraph at lines 240--242

 []

Package atveryend Info: Empty hook `BeforeClearDocument' on input line 249.
[12]
Package atveryend Info: Empty hook `AfterLastShipout' on input line 249.
 (./report.aux)
Package atveryend Info: Executing hook `AtVeryEndDocument' on input line 249.
Package atveryend Info: Executing hook `AtEndAfterFileList' on input line 249.
Package rerunfilecheck Info: File `report.out' has not changed.
(rerunfilecheck)             Checksum: D41D8CD98F00B204E9800998ECF8427E;0.
Package atveryend Info: Empty hook `AtVeryVeryEnd' on input line 249.
 ) 
Here is how much of TeX's memory you used:
 5174 strings out of 494985
 76634 string characters out of 6180356
 155015 words of memory out of 5000000
 8331 multiletter control sequences out of 15000+600000
 8402 words of font info for 30 fonts, out of 8000000 for 9000
 36 hyphenation exceptions out of 8191
 29i,6n,24p,208b,405s stack positions out of 5000i,500n,10000p,200000b,80000s
</usr/share/texlive/texmf-dist/fonts/type1/public/amsfonts/cm/cmbx10.pfb></us
r/share/texlive/texmf-dist/fonts/type1/public/amsfonts/cm/cmmi10.pfb></usr/shar
e/texlive/texmf-dist/fonts/type1/public/amsfonts/cm/cmmi7.pfb></usr/share/texli
ve/texmf-dist/fonts/type1/public/amsfonts/cm/cmr10.pfb></usr/share/texlive/texm
f-dist/fonts/type1/public/amsfonts/cm/cmr12.pfb></usr/share/texlive/texmf-dist/
fonts/type1/public/amsfonts/cm/cmr17.pfb></usr/share/texlive/texmf-dist/fonts/t
ype1/public/amsfonts/cm/cmss10.pfb></usr/share/texlive/texmf-dist/fonts/type1/p
ublic/amsfonts/cm/cmsy10.pfb></usr/share/texlive/texmf-dist/fonts/type1/public/
amsfonts/cm/cmti10.pfb></usr/share/texlive/texmf-dist/fonts/type1/public/amsfon
ts/cm/cmtt10.pfb>
Output written on report.pdf (12 pages, 744330 bytes).
PDF statistics:
 135 PDF objects out of 1000 (max. 8388607)
 95 compressed objects within 1 object stream
 27 named destinations out of 1000 (max. 500000)
 76 words of extra memory for PDF output out of 10000 (max. 10000000)

